app/proguard-rules.pro
-keepclassmembers class fqcn.of.javascript.interface.for.webview {
 public *;
}

#指定代码的压缩级别
-optimizationpasses 5
#包明不混合大小写
-dontusemixedcaseclassnames
#不去忽略非公共的库类
-dontskipnonpubliclibraryclasses
 #优化 不优化输入的类文件
-dontoptimize
 #预校验
-dontpreverify
 #混淆时是否记录日志
-verbose
 # 混淆时所采用的算法
-optimizations !code/simplification/arithmetic,!field/*,!class/merging/*
#保护注解
-keepattributes *Annotation*

# 保持哪些类不被混淆
-keep public class * extends android.app.Fragment
-keep public class * extends android.app.Activity
-keep public class * extends android.app.Application
-keep public class * extends android.app.Service
-keep public class * extends android.content.BroadcastReceiver
-keep public class * extends android.content.ContentProvider
-keep public class * extends android.app.backup.BackupAgentHelper
-keep public class * extends android.preference.Preference
-keep public class com.android.vending.licensing.ILicensingService

#忽略警告
-ignorewarnings
##记录生成的日志数据,gradle build时在本项目根目录输出##
#apk 包内所有 class 的内部结构
#-dump proguard/class_files.txt
#未混淆的类和成员
-printseeds proguard/seeds.txt
#列出从 apk 中删除的代码
-printusage proguard/unused.txt
#混淆前后的映射
-printmapping proguard/mapping.txt

####混淆保护自己项目的部分代码以及引用的第三方jar包library-end####
#保持 native 方法不被混淆
#-keepclasseswithmembernames class * {
 #native <methods>;
#}

-keep class * {
    native <methods>;
}

-keep public class * implements androidx.versionedparcelable.VersionedParcelable

#AVLoadingIndicatorView
-keep class com.wang.avi.** { *; }
-keep class com.wang.avi.indicators.** { *; }

#保持自定义控件类不被混淆
-keepclasseswithmembers class * {
    public <init>(android.content.Context, android.util.AttributeSet);
}

#保持自定义控件类不被混淆
-keepclassmembers class * extends android.app.Activity {
 public void *(android.view.View);
}

-keep public class * extends android.view.View {
 public <init>(android.content.Context);
 public <init>(android.content.Context, android.util.AttributeSet);
 public <init>(android.content.Context, android.util.AttributeSet, int);
 public void set*(...);
}

#保持 Parcelable 不被混淆
-keep class * implements android.os.Parcelable {
 public static final android.os.Parcelable$Creator *;
}

#保持 Serializable 不被混淆
-keepnames class * implements java.io.Serializable

#保持 Serializable 不被混淆并且enum 类也不被混淆
-keepclassmembers class * implements java.io.Serializable {
 static final long serialVersionUID;
 private static final java.io.ObjectStreamField[] serialPersistentFields;
 !static !transient <fields>;
 !private <fields>;
 !private <methods>;
 private void writeObject(java.io.ObjectOutputStream);
 private void readObject(java.io.ObjectInputStream);
 java.lang.Object writeReplace();
 java.lang.Object readResolve();
}

#保持枚举 enum 类不被混淆
-keepclassmembers enum * {
 public static **[] values();
 public static ** valueOf(java.lang.String);
}

-keepclassmembers class * {
 public void *ButtonClicked(android.view.View);
}

#不混淆资源类
-keepclassmembers class **.R$* {
 public static <fields>;
}
#避免混淆泛型 如果混淆报错建议关掉
#-keepattributes Signature

#okhttp
-dontwarn okhttp3.**
-keep class okhttp3.**{*;}
-keep interface okhttp3.**{*;}

#okio
-dontwarn okio.**
-keep class okio.**{*;}
-keep interface okio.**{*;}

-keep public class * implements com.bumptech.glide.module.GlideModule
-keep class * extends com.bumptech.glide.module.AppGlideModule {
 <init>(...);
}
-keep public enum com.bumptech.glide.load.ImageHeaderParser$** {
  **[] $VALUES;
  public *;
}
-keep class com.bumptech.glide.load.data.ParcelFileDescriptorRewinder$InternalRewinder {
  *** rewind();
}

#eventbus
-keepattributes *Annotation*
-keepclassmembers class * {
    @org.greenrobot.eventbus.Subscribe <methods>;
}
-keep enum org.greenrobot.eventbus.ThreadMode { *; }

# And if you use AsyncExecutor:
-keepclassmembers class * extends org.greenrobot.eventbus.util.ThrowableFailureEvent {
    <init>(java.lang.Throwable);
}

-libraryjars 'C:\Program Files\Java\jdk1.8.0_121\jre\lib\rt.jar'
-libraryjars 'D:\Users\Administrator\AppData\Local\Android\sdk\platforms\android-28\android.jar'

-keep class com.wang.avi.** { *; }
-keep class com.wang.avi.indicators.** { *; }