app/proguard/seeds.txt
com.app.pipelinesurvey.R$id: int edtBurialDifference
com.app.pipelinesurvey.R$layout: int abc_expanded_menu_layout
com.app.pipelinesurvey.R$mipmap: int ic_btn_add_nor
com.app.pipelinesurvey.R$dimen: int mtrl_card_dragged_z
com.app.pipelinesurvey.R$drawable: int selector_btn_drawpoint
com.app.pipelinesurvey.view.fragment.map.mapdata.DrawPointInLineFragment$3$1
com.app.pipelinesurvey.R$dimen: int abc_button_padding_horizontal_material
com.app.pipelinesurvey.R$drawable: int navigation_empty_icon
com.app.pipelinesurvey.R$attr: int textAppearanceHeadline1
com.app.pipelinesurvey.R$styleable: int NavigationView_itemIconPadding
com.app.pipelinesurvey.R$mipmap: int ic_logo
com.app.pipelinesurvey.view.fragment.map.mapbottom.MeasureDisFragment
com.app.pipelinesurvey.R$style: int Base_V21_Theme_AppCompat_Light_Dialog
com.app.pipelinesurvey.R$mipmap: int ic_symbol_l_yinjin_476
com.app.pipelinesurvey.R$animator: int mtrl_extended_fab_show_motion_spec
com.app.pipelinesurvey.R$dimen: int dp_297
com.app.pipelinesurvey.R$id: int tvAllPipeLength
com.app.pipelinesurvey.location.NavigationPanelView: NavigationPanelView(android.content.Context,android.util.AttributeSet)
com.app.pipelinesurvey.R$styleable: int AppCompatTextView_drawableTopCompat
com.app.pipelinesurvey.R$dimen: int mtrl_calendar_action_height
com.app.pipelinesurvey.R$attr: int useMaterialThemeColors
com.app.pipelinesurvey.R$dimen: int hint_pressed_alpha_material_light
com.app.pipelinesurvey.R$dimen: int sp_12
com.app.pipelinesurvey.R$style: int Platform_ThemeOverlay_AppCompat_Light
com.app.pipelinesurvey.R$styleable: int BottomSheetBehavior_Layout_behavior_hideable
com.app.pipelinesurvey.R$style: int Base_Widget_AppCompat_TextView_SpinnerItem
com.app.pipelinesurvey.R$style: int Base_V14_Theme_MaterialComponents_Dialog_Bridge
com.app.pipelinesurvey.R$id: int tvPrjCode
com.app.pipelinesurvey.R$id: int parent_matrix
com.app.pipelinesurvey.R$styleable: int TabLayout_tabMaxWidth
com.app.pipelinesurvey.R$styleable: int AppBarLayout_Layout_layout_scrollFlags
com.app.pipelinesurvey.R$dimen: int dp_228
com.app.pipelinesurvey.R$id: int tvSpinnerDropDownItem
com.app.pipelinesurvey.R$styleable: int CompoundButton_buttonCompat
com.app.pipelinesurvey.R$styleable: int Banner_indicator_margin
com.app.pipelinesurvey.R$style: int Widget_AppCompat_Light_ListView_DropDown
com.app.pipelinesurvey.R$attr: int listPreferredItemHeight
com.app.pipelinesurvey.R$style: int Theme_AppCompat_DayNight_NoActionBar
com.app.pipelinesurvey.R$id: int notification_main_column
com.app.pipelinesurvey.R$dimen: int mtrl_btn_focused_z
com.app.pipelinesurvey.R$attr: int extendedFloatingActionButtonStyle
com.app.pipelinesurvey.adapter.LineAdapter
com.app.pipelinesurvey.view.activity.linepoint.SymbolicActivity$1
com.app.pipelinesurvey.utils.OkHttpUtils$6
com.app.pipelinesurvey.R$styleable: int AppCompatTheme_dividerHorizontal
com.app.pipelinesurvey.R$color: int errorColor
com.app.pipelinesurvey.R$attr: int textAppearanceHeadline6
com.app.pipelinesurvey.R$styleable: int CollapsingToolbarLayout_statusBarScrim
com.app.pipelinesurvey.R$style: int Base_V26_Widget_AppCompat_Toolbar
com.app.pipelinesurvey.R$dimen: int test_mtrl_calendar_day_cornerSize
com.app.pipelinesurvey.R$id: int tvGe3
com.app.pipelinesurvey.view.activity.ProjectInfoActivity
com.app.pipelinesurvey.R$string: int line_setting_width
com.app.pipelinesurvey.R$styleable: int[] GradientColor
com.app.pipelinesurvey.R$dimen: int dp_139
com.app.pipelinesurvey.R$style: int ShapeAppearance_MaterialComponents
com.app.pipelinesurvey.R$style: int DialogActivityStyle
com.app.pipelinesurvey.view.widget.DatePickerView$onSelectListener
com.app.pipelinesurvey.R$styleable: int Chip_android_textColor
com.app.pipelinesurvey.view.fragment.setting.PipeTypeFragment
com.app.pipelinesurvey.R$styleable: int[] StateListDrawable
com.app.pipelinesurvey.R$id: int btnSave
com.app.pipelinesurvey.R$id: int edtX
com.app.pipelinesurvey.R$styleable: int FloatingActionButton_shapeAppearanceOverlay
...
com.example.zhouwei.library.R$styleable: int SearchView_searchIcon
com.google.android.material.R$style: int Theme_MaterialComponents_DialogWhenLarge
com.bumptech.glide.load.engine.cache.DiskLruCacheFactory$1
okhttp3.CipherSuite: okhttp3.CipherSuite TLS_DHE_RSA_WITH_AES_256_GCM_SHA384
com.google.android.material.R$interpolator: int btn_checkbox_unchecked_mtrl_animation_interpolator_0
com.supermap.mapping.TrackingLayerNative: boolean jni_SetFieldDoubleEx(long,java.lang.String,double,int)
com.app.BaseInfo.Data.BaseFieldPInfos$1
com.google.android.material.R$string: int abc_activitychooserview_choose_application
okhttp3.internal.cache.DiskLruCache$Editor: boolean[] written
com.supermap.data.TextPartNative: void jni_SetRotation(long,double)
com.supermap.mapping.TrackingLayerNative: boolean jni_CreateUserFieldDouble(long,java.lang.String,int,int)
com.google.android.material.R$attr: int contentPaddingBottom
jxl.biff.XFRecord$1
okhttp3.HttpUrl$Builder: okhttp3.HttpUrl$Builder host(java.lang.String)
com.google.android.material.R$attr: int scrimVisibleHeightTrigger
com.wang.avi.indicators.BallClipRotateIndicator$2
es.dmoral.toasty.R$drawable: int abc_ic_go_search_api_material
com.supermap.mapping.MapControl2Native: void jni_SetSnapCreatPointEnable(long,boolean)
androidx.appcompat.R$id: int decor_content_parent
com.bumptech.glide.load.engine.executor.GlideExecutor$UncaughtThrowableStrategy$3
com.supermap.mapping.R$id: int zmap360
androidx.appcompat.widget.AppCompatToggleButton
androidx.viewpager.R$color
androidx.appcompat.resources.R$styleable: int FontFamilyFont_fontWeight
es.dmoral.toasty.R$style: int Base_Widget_AppCompat_Spinner
org.apache.poi.hpsf.wellknown.PropertyIDMap: int PID_BYTECOUNT
es.dmoral.toasty.R$style: int Theme_AppCompat_DayNight
com.google.android.material.R$style: int MaterialAlertDialog_MaterialComponents_Title_Icon
androidx.coordinatorlayout.R$styleable: int GradientColor_android_endColor
org.apache.tools.ant.taskdefs.optional.Native2Ascii$ExtMapper
com.youth.banner.loader.ImageLoaderInterface
androidx.appcompat.widget.ScrollingTabContainerView
com.supermap.onlineservices.OnlineService$15
androidx.vectordrawable.graphics.drawable.VectorDrawableCompat$VFullPath: float getTrimPathStart()
androidx.loader.R$styleable: int FontFamilyFont_fontStyle
okhttp3.internal.http.HttpMethod: HttpMethod()
com.github.mikephil.charting.animation.Easing$EasingOption: com.github.mikephil.charting.animation.Easing$EasingOption EaseInOutQuad
com.wang.avi.indicators.CubeTransitionIndicator: java.util.ArrayList onCreateAnimators()
com.supermap.data.FieldInfoNative: void jni_SetDefaultValue(long,java.lang.String)
com.example.zhouwei.library.R$styleable: int AppCompatTextHelper_android_drawableEnd
es.dmoral.toasty.R$attr: int windowNoTitle
com.supermap.data.DatasetVectorInfoNative: void jni_SetEncodeType(long,int)
org.apache.poi.ss.usermodel.DataFormatter$ConstantStringFormat
com.github.mikephil.charting.animation.Easing$EasingFunctions
com.example.zhouwei.library.R$style: int Base_TextAppearance_AppCompat
es.dmoral.toasty.R$styleable: int AppCompatTheme_checkedTextViewStyle
com.supermap.data.DatasetNative: long jni_GetDatasource(long)
okhttp3.internal.http2.Http2Stream: <clinit>()
com.supermap.mapping.imChart.IMChartNative: void jni_OnSize(long,int,int)
com.google.android.material.appbar.AppBarLayout: AppBarLayout(android.content.Context,android.util.AttributeSet)
com.google.android.material.R$styleable: int[] ButtonBarLayout
okhttp3.Response$Builder: void checkSupportResponse(java.lang.String,okhttp3.Response)
androidx.lifecycle.ViewModelProvider$AndroidViewModelFactory
es.dmoral.toasty.R$string: int abc_action_mode_done
com.supermap.mapping.ThemeGraphNative: void jni_SetOffsetX(long,java.lang.String)
org.apache.poi.ss.formula.EvaluationWorkbook
androidx.appcompat.R$style: int Theme_AppCompat_DialogWhenLarge
androidx.recyclerview.widget.RecyclerView: void setViewCacheExtension(androidx.recyclerview.widget.RecyclerView$ViewCacheExtension)