app/proguard/mapping.txt
# compiler: R8
# compiler_version: 1.5.68
# min_api: 19
# pg_map_id: 980ecb9
com.app.pipelinesurvey.adapter.BasicsAppendantAdapter -> com.app.pipelinesurvey.adapter.BasicsAppendantAdapter:
    java.lang.String table -> i
    java.lang.String type -> k
    java.lang.String typename -> j
    java.util.List list -> g
    android.view.LayoutInflater m_inflater -> h
    android.content.Context context -> f
    android.content.Context access$000(com.app.pipelinesurvey.adapter.BasicsAppendantAdapter) -> a
    java.lang.String access$100(com.app.pipelinesurvey.adapter.BasicsAppendantAdapter) -> b
    java.lang.String access$200(com.app.pipelinesurvey.adapter.BasicsAppendantAdapter) -> c
    java.util.List access$300(com.app.pipelinesurvey.adapter.BasicsAppendantAdapter) -> d
    java.lang.String access$400(com.app.pipelinesurvey.adapter.BasicsAppendantAdapter) -> e
com.app.pipelinesurvey.adapter.BasicsAppendantAdapter$1 -> com.app.pipelinesurvey.adapter.BasicsAppendantAdapter$1:
    java.lang.String val$name -> f
    int val$position -> g
    com.app.pipelinesurvey.adapter.BasicsAppendantAdapter this$0 -> h
com.app.pipelinesurvey.adapter.BasicsAppendantAdapter$1$1 -> com.app.pipelinesurvey.adapter.BasicsAppendantAdapter$1$1:
    com.app.pipelinesurvey.adapter.BasicsAppendantAdapter$1 this$1 -> f
com.app.pipelinesurvey.adapter.BasicsAppendantAdapter$1$2 -> com.app.pipelinesurvey.adapter.BasicsAppendantAdapter$1$2:
    com.app.pipelinesurvey.adapter.BasicsAppendantAdapter$1 this$1 -> f
com.app.pipelinesurvey.adapter.BasicsAppendantAdapter$2 -> com.app.pipelinesurvey.adapter.BasicsAppendantAdapter$2:
    java.lang.String val$name -> f
    com.app.pipelinesurvey.adapter.BasicsAppendantAdapter this$0 -> g
com.app.pipelinesurvey.adapter.BasicsAppendantAdapter$ViewHolder -> com.app.pipelinesurvey.adapter.BasicsAppendantAdapter$ViewHolder:
    android.widget.TextView tv -> a
com.app.pipelinesurvey.adapter.BasicsDapter -> com.app.pipelinesurvey.adapter.BasicsDapter:
    java.lang.String table -> i
    java.util.List list -> g
    android.view.LayoutInflater m_inflater -> h
    android.content.Context context -> f
    java.lang.String access$100(com.app.pipelinesurvey.adapter.BasicsDapter) -> a
    java.util.List access$200(com.app.pipelinesurvey.adapter.BasicsDapter) -> b
    android.content.Context access$300(com.app.pipelinesurvey.adapter.BasicsDapter) -> c
com.app.pipelinesurvey.adapter.BasicsDapter$1 -> com.app.pipelinesurvey.adapter.BasicsDapter$1:
    java.lang.String val$name -> f
    int val$position -> g
    com.app.pipelinesurvey.adapter.BasicsDapter this$0 -> h
com.app.pipelinesurvey.adapter.BasicsDapter$1$2 -> com.app.pipelinesurvey.adapter.BasicsDapter$1$2:
    com.app.pipelinesurvey.adapter.BasicsDapter$1 this$1 -> f
com.app.pipelinesurvey.adapter.BasicsDapter$2 -> com.app.pipelinesurvey.adapter.BasicsDapter$2:
    java.lang.String val$name -> f
    com.app.pipelinesurvey.adapter.BasicsDapter this$0 -> g
com.app.pipelinesurvey.adapter.BasicsDapter$ViewHolder -> com.app.pipelinesurvey.adapter.BasicsDapter$ViewHolder:
    android.widget.TextView tv -> a
    android.widget.TextView access$000(com.app.pipelinesurvey.adapter.BasicsDapter$ViewHolder) -> a
com.app.pipelinesurvey.adapter.BasicsPointAdapter -> com.app.pipelinesurvey.adapter.BasicsPointAdapter:
    android.view.LayoutInflater m_inflater -> g
    java.util.List list -> f
com.app.pipelinesurvey.adapter.BasicsPointAdapter$ViewHolder -> com.app.pipelinesurvey.adapter.BasicsPointAdapter$ViewHolder:
    android.widget.TextView tv -> a
...
org.apache.poi.hssf.record.FnGroupCountRecord -> org.apache.poi.hssf.record.FnGroupCountRecord:
    short field_1_count -> a
    void serialize(org.apache.poi.util.LittleEndianOutput) -> a
    void setCount(short) -> b
    short getSid() -> f
    int getDataSize() -> h
    short getCount() -> i
org.apache.poi.hssf.record.FontRecord -> org.apache.poi.hssf.record.FontRecord:
    java.lang.String field_11_font_name -> j
    org.apache.poi.util.BitField italic -> k
    org.apache.poi.util.BitField macshadow -> n
    byte field_6_underline -> f
    org.apache.poi.util.BitField strikeout -> l
    byte field_8_charset -> h
    org.apache.poi.util.BitField macoutline -> m
    byte field_7_family -> g
    byte field_9_zero -> i
    short field_5_super_sub_script -> e
    short field_3_color_palette_index -> c
    short field_4_bold_weight -> d
    short field_1_font_height -> a
    short field_2_attributes -> b
    void serialize(org.apache.poi.util.LittleEndianOutput) -> a
    void setFontName(java.lang.String) -> a
    void setItalic(boolean) -> a
    void setUnderline(byte) -> a
    void setAttributes(short) -> b
    void setStrikeout(boolean) -> b
    void setBoldWeight(short) -> c
    void setColorPaletteIndex(short) -> d
    void setFontHeight(short) -> e
    short getSid() -> f
    void setSuperSubScript(short) -> f
    int getDataSize() -> h
    short getAttributes() -> i
    short getBoldWeight() -> j
    byte getCharset() -> k
    short getColorPaletteIndex() -> l
    byte getFamily() -> m
    short getFontHeight() -> n
    java.lang.String getFontName() -> o
    short getSuperSubScript() -> p
    byte getUnderline() -> q
    boolean isItalic() -> r
    boolean isMacoutlined() -> s
    boolean isMacshadowed() -> t
    boolean isStruckout() -> u
org.apache.poi.hssf.record.FooterRecord -> org.apache.poi.hssf.record.FooterRecord:
    short getSid() -> f
org.apache.poi.hssf.record.FormatRecord -> org.apache.poi.hssf.record.FormatRecord:
    java.lang.String field_4_formatstring -> c
    boolean field_3_hasMultibyte -> b
    int field_1_index_code -> a
    void serialize(org.apache.poi.util.LittleEndianOutput) -> a
    short getSid() -> f
    int getDataSize() -> h
    java.lang.String getFormatString() -> i
    int getIndexCode() -> j
org.apache.poi.hssf.record.FormulaRecord -> org.apache.poi.hssf.record.FormulaRecord:
    short field_5_options -> e
    int FIXED_SIZE -> i
    org.apache.poi.util.BitField alwaysCalc -> j
    int field_6_zero -> f
    org.apache.poi.util.BitField calcOnLoad -> k
    double field_4_value -> d
    org.apache.poi.ss.formula.Formula field_8_parsed_expr -> g
    org.apache.poi.util.BitField sharedFormula -> l
    org.apache.poi.hssf.record.FormulaRecord$SpecialCachedValue specialCachedValue -> h
    void appendValueText(java.lang.StringBuilder) -> a
    void setParsedExpression(org.apache.poi.ss.formula.ptg.Ptg[]) -> a
    void setSharedFormula(boolean) -> a
    void setValue(double) -> a
    void serializeValue(org.apache.poi.util.LittleEndianOutput) -> b
    short getSid() -> f
    java.lang.String getRecordName() -> i
    int getValueDataSize() -> j
    boolean getCachedBooleanValue() -> k
    int getCachedErrorValue() -> l
    int getCachedResultType() -> m
    org.apache.poi.ss.formula.Formula getFormula() -> n
    short getOptions() -> o
    org.apache.poi.ss.formula.ptg.Ptg[] getParsedExpression() -> p
    double getValue() -> q
    boolean hasCachedResultString() -> r
    boolean isAlwaysCalc() -> s
    boolean isCalcOnLoad() -> t
    boolean isSharedFormula() -> u
    void setCachedResultTypeEmptyString() -> v
    void setCachedResultTypeString() -> w