app/proguard/unused.txt
com.app.pipelinesurvey.view.fragment.PointAttrConfigFragment
    private void bundlePipeType(java.lang.String)
    private java.lang.String currentCity
    private static final int REQUEST_ADD_POINT_ATTR
    public static final java.lang.String ITEM_CLICK
    public static final java.lang.String ADD_POINT_ATTR
    public static final int RESULT_OK
com.app.pipelinesurvey.utils.GetVersionNum
    public int getLocalVersion(android.content.Context)
com.app.pipelinesurvey.view.fragment.HomePageFragment
    private void initExampleData()
    private androidx.viewpager.widget.ViewPager m_viewPager
    private com.app.pipelinesurvey.adapter.ViewPagerAdapter m_adapter
    private android.widget.RadioButton radioButton
    private android.widget.RadioGroup radioGroup
    private static final int REQUESTCODE
com.app.pipelinesurvey.utils.AlterPipeUtil
    public static com.app.pipelinesurvey.utils.AlterPipeUtil Ins()
    public int getPipeCodeLength()
com.app.pipelinesurvey.view.fragment.map.mapbottom.MeasureAngleFragment
    public void lengthMeasured(double,com.supermap.data.Point)
    public void areaMeasured(double,com.supermap.data.Point)
    public void angleMeasured(double,com.supermap.data.Point)
    public void isSelfIntersect()
com.app.pipelinesurvey.view.activity.linepoint.PointAllocationActivity
    private java.lang.String m_color
com.app.pipelinesurvey.utils.ExportDataUtils
    private void exportDataToShp(com.supermap.data.Dataset,java.lang.String)
com.app.pipelinesurvey.bean.AppInfo
    public java.lang.String getApp_name()
    public void setApp_name(java.lang.String)
    public java.lang.String getVersion_code()
    public void setVersion_code(java.lang.String)
    public java.lang.String getUpdated_date()
    public void setUpdated_date(java.lang.String)
    public java.lang.String getDev_unit()
    public void setDev_unit(java.lang.String)
    public java.lang.String getRemark()
    public void setRemark(java.lang.String)
    java.lang.String app_name
    java.lang.String version_code
    java.lang.String updated_date
    java.lang.String dev_unit
    java.lang.String remark
com.app.pipelinesurvey.view.fragment.map.mapbottom.MeasuredPointFragment
    private static final int MSG_REFRESH
com.app.pipelinesurvey.view.activity.SelectBaseMapActivity
    private void initWindowSize()
com.app.pipelinesurvey.view.activity.MapActivity
    private java.util.List itemInfos
com.app.pipelinesurvey.utils.PermissionUtils$3
    void <init>(com.app.pipelinesurvey.utils.PermissionUtils$CallBack)
com.app.pipelinesurvey.view.iview.IAccountInfoView
    public abstract java.lang.String getName()
    public abstract java.lang.String getSex()
    public abstract java.lang.String getPhone()
    public abstract java.lang.String getCompany()
    public abstract java.lang.String getDepartment()
    public abstract java.lang.String getWorkGroup()
com.app.pipelinesurvey.utils.MyAlertDialog
    protected void <init>(android.content.Context)
    public static android.app.AlertDialog showAlertDialog(android.content.Context,java.lang.String,java.lang.String,int,java.lang.String,java.lang.String,boolean,android.content.DialogInterface$OnClickListener,android.content.DialogInterface$OnClickListener)
    public static android.app.AlertDialog showAlertDialog(android.content.Context,java.lang.String,java.lang.String,java.lang.String,java.lang.String,android.content.DialogInterface$OnClickListener)
    public static android.app.AlertDialog showAlertDialog(android.content.Context,java.lang.String,java.lang.String)
com.app.pipelinesurvey.view.widget.CustomDatePicker
    private static final int MAX_MINUTE
    private static final int MAX_HOUR
    private static final int MIN_MINUTE
    private static final int MIN_HOUR
    private static final int MAX_MONTH
...
org.apache.poi.util.ShortList
    public void <init>(org.apache.poi.util.ShortList)
    private void growArray(int)
    public void add(int,short)
    public boolean add(short)
    public boolean addAll(org.apache.poi.util.ShortList)
    public boolean addAll(int,org.apache.poi.util.ShortList)
    public void clear()
    public boolean contains(short)
    public boolean containsAll(org.apache.poi.util.ShortList)
    public short get(int)
    public int indexOf(short)
    public boolean isEmpty()
    public int lastIndexOf(short)
    public short remove(int)
    public boolean removeValue(short)
    public boolean removeAll(org.apache.poi.util.ShortList)
    public boolean retainAll(org.apache.poi.util.ShortList)
    public short set(int,short)
    public int size()
    public short[] toArray()
    public short[] toArray(short[])
    private static final int _default_size
androidx.appcompat.graphics.drawable.AnimatedStateListDrawableCompat
    public static androidx.appcompat.graphics.drawable.AnimatedStateListDrawableCompat create(android.content.Context,int,android.content.res.Resources$Theme)
    public void addState(int[],android.graphics.drawable.Drawable,int)
    public void addTransition(int,int,android.graphics.drawable.Drawable,boolean)
    void clearMutated()
    public synthetic bridge void addState(int[],android.graphics.drawable.Drawable)
    public synthetic bridge void setExitFadeDuration(int)
    public synthetic bridge void setEnterFadeDuration(int)
    private static final java.lang.String ELEMENT_TRANSITION
    private static final java.lang.String ELEMENT_ITEM
    private static final java.lang.String TRANSITION_MISSING_DRAWABLE_ERROR
    private static final java.lang.String TRANSITION_MISSING_FROM_TO_ID
    private static final java.lang.String ITEM_MISSING_DRAWABLE_ERROR
com.supermap.data.SymbolLineBase
    public int getCode()
    public void setCode(int)
    public void dispose()
com.supermap.data.Color
    public int getA()
    public java.lang.String toColorString()
androidx.coordinatorlayout.widget.CoordinatorLayout$LayoutParams
    public void setAnchorId(int)
    void invalidateAnchor()
com.supermap.mapping.GeometryDeletingListener
    public abstract void geometryDeleting(com.supermap.mapping.GeometryEvent)
org.apache.tools.ant.taskdefs.condition.Http
    public void setUrl(java.lang.String)
    public void setErrorsBeginAt(int)
    public void setRequestMethod(java.lang.String)
    private static final int ERROR_BEGINS
    private static final java.lang.String DEFAULT_REQUEST_METHOD
com.supermap.analyst.TopologyProcessingOptions
    public void <init>(com.supermap.analyst.TopologyProcessingOptions)
    public double getOvershootsTolerance()
    public void setOvershootsTolerance(double)
    public double getUndershootsTolerance()
    public void setUndershootsTolerance(double)
    public boolean arePseudoNodesCleaned()
    public void setPseudoNodesCleaned(boolean)
    public boolean areOvershootsCleaned()
    public void setOvershootsCleaned(boolean)
    public boolean areRedundantVerticesCleaned()
    public void setRedundantVerticesCleaned(boolean)
    public boolean areUndershootsExtended()
    public void setUndershootsExtended(boolean)
    public boolean areDuplicatedLinesCleaned()
    public void setDuplicatedLinesCleaned(boolean)
    public boolean areLinesIntersected()
    public void setLinesIntersected(boolean)
    public boolean areAdjacentEndpointsMerged()
    public void setAdjacentEndpointsMerged(boolean)
    public double getVertexTolerance()
    public void setVertexTolerance(double)
    public com.supermap.data.Recordset getVertexFilterRecordset()
    public void setVertexFilterRecordset(com.supermap.data.Recordset)
    public java.lang.String getArcFilterString()
    public void setArcFilterString(java.lang.String)
    public com.supermap.analyst.ArcAndVertexFilterMode getFilterMode()
    public void setFilterMode(com.supermap.analyst.ArcAndVertexFilterMode)